This file contains any messages produced by compilers while
running configure, to aid debugging if configure makes a mistake.

It was created by heapsort configure 1.0, which was
generated by GNU Autoconf 2.69.  Invocation command line was

  $ ./configure 

## --------- ##
## Platform. ##
## --------- ##

hostname = paul-HP-2000-Notebook-PC
uname -m = x86_64
uname -r = 4.9.0-7-amd64
uname -s = Linux
uname -v = #1 SMP Debian 4.9.110-3+deb9u2 (2018-08-13)

/usr/bin/uname -p = unknown
/bin/uname -X     = unknown

/bin/arch              = unknown
/usr/bin/arch -k       = unknown
/usr/convex/getsysinfo = unknown
/usr/bin/hostinfo      = unknown
/bin/machine           = unknown
/usr/bin/oslevel       = unknown
/bin/universe          = unknown

PATH: /usr/local/bin
PATH: /usr/bin
PATH: /bin
PATH: /usr/local/games
PATH: /usr/games
PATH: /home/paul/.dotnet/tools


## ----------- ##
## Core tests. ##
## ----------- ##

configure:1890: checking for a BSD-compatible install
configure:1958: result: /usr/bin/install -c
configure:1969: checking whether build environment is sane
configure:2024: result: yes
configure:2175: checking for a thread-safe mkdir -p
configure:2214: result: /bin/mkdir -p
configure:2221: checking for gawk
configure:2237: found /usr/bin/gawk
configure:2248: result: gawk
configure:2259: checking whether make sets $(MAKE)
configure:2281: result: yes
configure:2310: checking whether make supports nested variables
configure:2327: result: yes
configure:2501: checking for gcc
configure:2517: found /usr/bin/gcc
configure:2528: result: gcc
configure:2757: checking for C compiler version
configure:2766: gcc --version >&5
gcc (Debian 6.3.0-18+deb9u1) 6.3.0 20170516
Copyright (C) 2016 Free Software Foundation, Inc.
This is free software; see the source for copying conditions.  There is NO
warranty; not even for MERCHANTABILITY or FITNESS FOR A PARTICULAR PURPOSE.

configure:2777: $? = 0
configure:2766: gcc -v >&5
Using built-in specs.
COLLECT_GCC=gcc
COLLECT_LTO_WRAPPER=/usr/lib/gcc/x86_64-linux-gnu/6/lto-wrapper
Target: x86_64-linux-gnu
Configured with: ../src/configure -v --with-pkgversion='Debian 6.3.0-18+deb9u1' --with-bugurl=file:///usr/share/doc/gcc-6/README.Bugs --enable-languages=c,ada,c++,java,go,d,fortran,objc,obj-c++ --prefix=/usr --program-suffix=-6 --program-prefix=x86_64-linux-gnu- --enable-shared --enable-linker-build-id --libexecdir=/usr/lib --without-included-gettext --enable-threads=posix --libdir=/usr/lib --enable-nls --with-sysroot=/ --enable-clocale=gnu --enable-libstdcxx-debug --enable-libstdcxx-time=yes --with-default-libstdcxx-abi=new --enable-gnu-unique-object --disable-vtable-verify --enable-libmpx --enable-plugin --enable-default-pie --with-system-zlib --disable-browser-plugin --enable-java-awt=gtk --enable-gtk-cairo --with-java-home=/usr/lib/jvm/java-1.5.0-gcj-6-amd64/jre --enable-java-home --with-jvm-root-dir=/usr/lib/jvm/java-1.5.0-gcj-6-amd64 --with-jvm-jar-dir=/usr/lib/jvm-exports/java-1.5.0-gcj-6-amd64 --with-arch-directory=amd64 --with-ecj-jar=/usr/share/java/eclipse-ecj.jar --with-target-system-zlib --enable-objc-gc=auto --enable-multiarch --with-arch-32=i686 --with-abi=m64 --with-multilib-list=m32,m64,mx32 --enable-multilib --with-tune=generic --enable-checking=release --build=x86_64-linux-gnu --host=x86_64-linux-gnu --target=x86_64-linux-gnu
Thread model: posix
gcc version 6.3.0 20170516 (Debian 6.3.0-18+deb9u1) 
configure:2777: $? = 0
configure:2766: gcc -V >&5
gcc: error: unrecognized command line option '-V'
gcc: fatal error: no input files
compilation terminated.
configure:2777: $? = 1
configure:2766: gcc -qversion >&5
gcc: error: unrecognized command line option '-qversion'; did you mean '--version'?
gcc: fatal error: no input files
compilation terminated.
configure:2777: $? = 1
configure:2797: checking whether the C compiler works
configure:2819: gcc    conftest.c  >&5
configure:2823: $? = 0
configure:2871: result: yes
configure:2874: checking for C compiler default output file name
configure:2876: result: a.out
configure:2882: checking for suffix of executables
configure:2889: gcc -o conftest    conftest.c  >&5
configure:2893: $? = 0
configure:2915: result: 
configure:2937: checking whether we are cross compiling
configure:2945: gcc -o conftest    conftest.c  >&5
configure:2949: $? = 0
configure:2956: ./conftest
configure:2960: $? = 0
configure:2975: result: no
configure:2980: checking for suffix of object files
configure:3002: gcc -c   conftest.c >&5
configure:3006: $? = 0
configure:3027: result: o
configure:3031: checking whether we are using the GNU C compiler
configure:3050: gcc -c   conftest.c >&5
configure:3050: $? = 0
configure:3059: result: yes
configure:3068: checking whether gcc accepts -g
configure:3088: gcc -c -g  conftest.c >&5
configure:3088: $? = 0
configure:3129: result: yes
configure:3146: checking for gcc option to accept ISO C89
configure:3209: gcc  -c -g -O2  conftest.c >&5
configure:3209: $? = 0
configure:3222: result: none needed
configure:3247: checking whether gcc understands -c and -o together
configure:3269: gcc -c conftest.c -o conftest2.o
configure:3272: $? = 0
configure:3269: gcc -c conftest.c -o conftest2.o
configure:3272: $? = 0
configure:3284: result: yes
configure:3312: checking for style of include used by make
configure:3340: result: GNU
configure:3366: checking dependency style of gcc
configure:3477: result: gcc3
configure:3550: checking for g++
configure:3566: found /usr/bin/g++
configure:3577: result: g++
configure:3604: checking for C++ compiler version
configure:3613: g++ --version >&5
g++ (Debian 6.3.0-18+deb9u1) 6.3.0 20170516
Copyright (C) 2016 Free Software Foundation, Inc.
This is free software; see the source for copying conditions.  There is NO
warranty; not even for MERCHANTABILITY or FITNESS FOR A PARTICULAR PURPOSE.

configure:3624: $? = 0
configure:3613: g++ -v >&5
Using built-in specs.
COLLECT_GCC=g++
COLLECT_LTO_WRAPPER=/usr/lib/gcc/x86_64-linux-gnu/6/lto-wrapper
Target: x86_64-linux-gnu
Configured with: ../src/configure -v --with-pkgversion='Debian 6.3.0-18+deb9u1' --with-bugurl=file:///usr/share/doc/gcc-6/README.Bugs --enable-languages=c,ada,c++,java,go,d,fortran,objc,obj-c++ --prefix=/usr --program-suffix=-6 --program-prefix=x86_64-linux-gnu- --enable-shared --enable-linker-build-id --libexecdir=/usr/lib --without-included-gettext --enable-threads=posix --libdir=/usr/lib --enable-nls --with-sysroot=/ --enable-clocale=gnu --enable-libstdcxx-debug --enable-libstdcxx-time=yes --with-default-libstdcxx-abi=new --enable-gnu-unique-object --disable-vtable-verify --enable-libmpx --enable-plugin --enable-default-pie --with-system-zlib --disable-browser-plugin --enable-java-awt=gtk --enable-gtk-cairo --with-java-home=/usr/lib/jvm/java-1.5.0-gcj-6-amd64/jre --enable-java-home --with-jvm-root-dir=/usr/lib/jvm/java-1.5.0-gcj-6-amd64 --with-jvm-jar-dir=/usr/lib/jvm-exports/java-1.5.0-gcj-6-amd64 --with-arch-directory=amd64 --with-ecj-jar=/usr/share/java/eclipse-ecj.jar --with-target-system-zlib --enable-objc-gc=auto --enable-multiarch --with-arch-32=i686 --with-abi=m64 --with-multilib-list=m32,m64,mx32 --enable-multilib --with-tune=generic --enable-checking=release --build=x86_64-linux-gnu --host=x86_64-linux-gnu --target=x86_64-linux-gnu
Thread model: posix
gcc version 6.3.0 20170516 (Debian 6.3.0-18+deb9u1) 
configure:3624: $? = 0
configure:3613: g++ -V >&5
g++: error: unrecognized command line option '-V'
g++: fatal error: no input files
compilation terminated.
configure:3624: $? = 1
configure:3613: g++ -qversion >&5
g++: error: unrecognized command line option '-qversion'; did you mean '--version'?
g++: fatal error: no input files
compilation terminated.
configure:3624: $? = 1
configure:3628: checking whether we are using the GNU C++ compiler
configure:3647: g++ -c   conftest.cpp >&5
configure:3647: $? = 0
configure:3656: result: yes
configure:3665: checking whether g++ accepts -g
configure:3685: g++ -c -g  conftest.cpp >&5
configure:3685: $? = 0
configure:3726: result: yes
configure:3751: checking dependency style of g++
configure:3862: result: gcc3
configure:3892: checking whether g++ supports C++14 features with -std=c++14
configure:4308: g++ -std=c++14 -c -g -O2  conftest.cpp >&5
configure:4308: $? = 0
configure:4317: result: yes
configure:4469: checking that generated files are newer than configure
configure:4475: result: done
configure:4502: creating ./config.status

## ---------------------- ##
## Running config.status. ##
## ---------------------- ##

This file was extended by heapsort config.status 1.0, which was
generated by GNU Autoconf 2.69.  Invocation command line was

  CONFIG_FILES    = 
  CONFIG_HEADERS  = 
  CONFIG_LINKS    = 
  CONFIG_COMMANDS = 
  $ ./config.status 

on paul-HP-2000-Notebook-PC

config.status:850: creating Makefile
config.status:850: creating src/Makefile
config.status:850: creating test/Makefile
config.status:850: creating config.h
config.status:1079: executing depfiles commands

## ---------------- ##
## Cache variables. ##
## ---------------- ##

ac_cv_c_compiler_gnu=yes
ac_cv_cxx_compiler_gnu=yes
ac_cv_env_CCC_set=
ac_cv_env_CCC_value=
ac_cv_env_CC_set=
ac_cv_env_CC_value=
ac_cv_env_CFLAGS_set=
ac_cv_env_CFLAGS_value=
ac_cv_env_CPPFLAGS_set=
ac_cv_env_CPPFLAGS_value=
ac_cv_env_CXXFLAGS_set=
ac_cv_env_CXXFLAGS_value=
ac_cv_env_CXX_set=
ac_cv_env_CXX_value=
ac_cv_env_LDFLAGS_set=
ac_cv_env_LDFLAGS_value=
ac_cv_env_LIBS_set=
ac_cv_env_LIBS_value=
ac_cv_env_build_alias_set=
ac_cv_env_build_alias_value=
ac_cv_env_host_alias_set=
ac_cv_env_host_alias_value=
ac_cv_env_target_alias_set=
ac_cv_env_target_alias_value=
ac_cv_objext=o
ac_cv_path_install='/usr/bin/install -c'
ac_cv_path_mkdir=/bin/mkdir
ac_cv_prog_AWK=gawk
ac_cv_prog_ac_ct_CC=gcc
ac_cv_prog_ac_ct_CXX=g++
ac_cv_prog_cc_c89=
ac_cv_prog_cc_g=yes
ac_cv_prog_cxx_g=yes
ac_cv_prog_make_make_set=yes
am_cv_CC_dependencies_compiler_type=gcc3
am_cv_CXX_dependencies_compiler_type=gcc3
am_cv_make_support_nested_variables=yes
am_cv_prog_cc_c_o=yes
ax_cv_cxx_compile_cxx14__std_cpp14=yes

## ----------------- ##
## Output variables. ##
## ----------------- ##

ACLOCAL='${SHELL} "/home/paul/Projects/Chapter 4/heapsort/missing" aclocal-1.15'
AMDEPBACKSLASH='\'
AMDEP_FALSE='#'
AMDEP_TRUE=''
AMTAR='$${TAR-tar}'
AM_BACKSLASH='\'
AM_DEFAULT_V='$(AM_DEFAULT_VERBOSITY)'
AM_DEFAULT_VERBOSITY='1'
AM_V='$(V)'
AUTOCONF='${SHELL} "/home/paul/Projects/Chapter 4/heapsort/missing" autoconf'
AUTOHEADER='${SHELL} "/home/paul/Projects/Chapter 4/heapsort/missing" autoheader'
AUTOMAKE='${SHELL} "/home/paul/Projects/Chapter 4/heapsort/missing" automake-1.15'
AWK='gawk'
CC='gcc'
CCDEPMODE='depmode=gcc3'
CFLAGS='-g -O2'
CPPFLAGS=''
CXX='g++ -std=c++14'
CXXDEPMODE='depmode=gcc3'
CXXFLAGS='-g -O2'
CYGPATH_W='echo'
DEFS='-DHAVE_CONFIG_H'
DEPDIR='.deps'
ECHO_C=''
ECHO_N='-n'
ECHO_T=''
EXEEXT=''
HAVE_CXX14='1'
INSTALL_DATA='${INSTALL} -m 644'
INSTALL_PROGRAM='${INSTALL}'
INSTALL_SCRIPT='${INSTALL}'
INSTALL_STRIP_PROGRAM='$(install_sh) -c -s'
LDFLAGS=''
LIBOBJS=''
LIBS=''
LTLIBOBJS=''
MAKEINFO='${SHELL} "/home/paul/Projects/Chapter 4/heapsort/missing" makeinfo'
MKDIR_P='/bin/mkdir -p'
OBJEXT='o'
PACKAGE='heapsort'
PACKAGE_BUGREPORT=''
PACKAGE_NAME='heapsort'
PACKAGE_STRING='heapsort 1.0'
PACKAGE_TARNAME='heapsort'
PACKAGE_URL=''
PACKAGE_VERSION='1.0'
PATH_SEPARATOR=':'
SET_MAKE=''
SHELL='/bin/bash'
STRIP=''
VERSION='1.0'
ac_ct_CC='gcc'
ac_ct_CXX='g++'
am__EXEEXT_FALSE=''
am__EXEEXT_TRUE='#'
am__fastdepCC_FALSE='#'
am__fastdepCC_TRUE=''
am__fastdepCXX_FALSE='#'
am__fastdepCXX_TRUE=''
am__include='include'
am__isrc=''
am__leading_dot='.'
am__nodep='_no'
am__quote=''
am__tar='$${TAR-tar} chof - "$$tardir"'
am__untar='$${TAR-tar} xf -'
bindir='${exec_prefix}/bin'
build_alias=''
datadir='${datarootdir}'
datarootdir='${prefix}/share'
docdir='${datarootdir}/doc/${PACKAGE_TARNAME}'
dvidir='${docdir}'
exec_prefix='${prefix}'
host_alias=''
htmldir='${docdir}'
includedir='${prefix}/include'
infodir='${datarootdir}/info'
install_sh='${SHELL} '\''/home/paul/Projects/Chapter 4/heapsort/install-sh'\'''
libdir='${exec_prefix}/lib'
libexecdir='${exec_prefix}/libexec'
localedir='${datarootdir}/locale'
localstatedir='${prefix}/var'
mandir='${datarootdir}/man'
mkdir_p='$(MKDIR_P)'
oldincludedir='/usr/include'
pdfdir='${docdir}'
prefix='/usr/local'
program_transform_name='s,x,x,'
psdir='${docdir}'
runstatedir='${localstatedir}/run'
sbindir='${exec_prefix}/sbin'
sharedstatedir='${prefix}/com'
sysconfdir='${prefix}/etc'
target_alias=''

## ----------- ##
## confdefs.h. ##
## ----------- ##

/* confdefs.h */
#define PACKAGE_NAME "heapsort"
#define PACKAGE_TARNAME "heapsort"
#define PACKAGE_VERSION "1.0"
#define PACKAGE_STRING "heapsort 1.0"
#define PACKAGE_BUGREPORT ""
#define PACKAGE_URL ""
#define PACKAGE "heapsort"
#define VERSION "1.0"
#define HAVE_CXX14 1

configure: exit 0

## ---------------------- ##
## Running config.status. ##
## ---------------------- ##

This file was extended by heapsort config.status 1.0, which was
generated by GNU Autoconf 2.69.  Invocation command line was

  CONFIG_FILES    = 
  CONFIG_HEADERS  = 
  CONFIG_LINKS    = 
  CONFIG_COMMANDS = 
  $ ./config.status src/Makefile depfiles

on paul-HP-2000-Notebook-PC

config.status:850: creating src/Makefile
config.status:1079: executing depfiles commands
